  Game.cpp
C:\Users\eliot\source\repos\RuneBorn\TransformComponent.h(25,11): warning C4244: '=' : conversion de 'int' en 'float', perte possible de données
  (compiler le fichier source 'Game.cpp')
  
C:\Users\eliot\source\repos\RuneBorn\TransformComponent.h(39,11): warning C4244: '=' : conversion de 'int' en 'float', perte possible de données
  (compiler le fichier source 'Game.cpp')
  
C:\Users\eliot\source\repos\RuneBorn\Game.cpp(12,2): warning C4150: suppression de pointeur vers type incomplet 'SDL_Window' ; aucun destructeur appelé
      C:\Dev\SDL3\include\SDL3\SDL_video.h(173,16):
      voir la déclaration de 'SDL_Window'
  
  Main.cpp
C:\Users\eliot\source\repos\RuneBorn\TransformComponent.h(25,11): warning C4244: '=' : conversion de 'int' en 'float', perte possible de données
  (compiler le fichier source 'Main.cpp')
  
C:\Users\eliot\source\repos\RuneBorn\TransformComponent.h(39,11): warning C4244: '=' : conversion de 'int' en 'float', perte possible de données
  (compiler le fichier source 'Main.cpp')
  
C:\Users\eliot\source\repos\RuneBorn\Main.cpp(17,28): warning C4244: '=' : conversion de 'Uint64' en 'int', perte possible de données
C:\Users\eliot\source\repos\RuneBorn\Main.cpp(22,30): warning C4244: '=' : conversion de 'Uint64' en 'int', perte possible de données
  MovementComponent.h
C:\Users\eliot\source\repos\RuneBorn\TransformComponent.h(25,11): warning C4244: '=' : conversion de 'int' en 'float', perte possible de données
  (compiler le fichier source 'MovementComponent.h')
  
C:\Users\eliot\source\repos\RuneBorn\TransformComponent.h(39,11): warning C4244: '=' : conversion de 'int' en 'float', perte possible de données
  (compiler le fichier source 'MovementComponent.h')
  
  Vector2D.cpp
  Génération de code en cours...
  RuneBorn.vcxproj -> C:\Users\eliot\source\repos\RuneBorn\x64\Debug\RuneBorn.exe
